[Mon Sep 26 21:16:43 2016] [19382:info] GRU: removing /var/lib/openqa/factory/iso/whocares.iso
[Mon Sep 26 21:16:43 2016] [websockets:debug] [DBIx debug] Took 0.00216508 seconds executed: UPDATE workers ...
[Mon Sep 26 21:16:43 2016] [19382:error] Asset iso/foo.iso is not in any job group, DELETE from assets where id=1;
[Mon Sep 26 21:16:43 2016] [19382:error] File iso/bar.iso is not a registered asset
[Mon Sep 26 21:16:43 2016] [websockets:debug] [DBIx debug] Took 0.00111699 seconds executed: SELECT me.id...
[Mon Sep 26 21:16:43 2016] [websockets:debug] [DBIx debug] Took 0.00284100 seconds executed: UPDATE workers ...
[Mon Sep 26 21:16:43 2016] [scheduler:debug] [DBIx debug] Took 0.29394507 seconds executed: SELECT me.id...
[Mon Sep 26 21:16:43 2016] [scheduler:debug] IPC calling job_grab
[Mon Sep 26 21:16:46 2016] [19382:error] Directory repo/baz.license is not a registered asset
[Mon Sep 26 21:17:27 2016] [30003:error] MISSING S:scheduled R:none
[Mon Sep 26 21:22:24 2016] [19382:info] GRU: removing /var/lib/openqa/factory/iso/waeva.iso
more output that is not properly prefixed
[Thu Oct  6 01:15:54 2016] [27316:debug] dispatching IPC job_grab to scheduler: [
  {
    blocking   => 0,
    workercaps => {
                    cpu_arch      => "aarch64",
                    cpu_modelname => undef,
                    cpu_opmode    => undef,
                    mem_max       => 130802,
                  },
    workerid   => 233,
    workerip   => "2620:113:80c0:8000:10:161:32:34",
  },
]

[Thu Oct  6 14:16:09 2016] [27863:debug] looking for bless({
  path => "/var/lib/openqa/testresults/00602401-sle-12-SP2-Server-DVD-x86_64-Build2160-migration_zdup_offline_sle12_ga_allpatterns\@64bit/.thumbs/reboot_gnome
-12.png",
}, "Mojo::Asset::File") in [
  "/var/lib/openqa/testresults/00602401-sle-12-SP2-Server-DVD-x86_64-Build2160-migration_zdup_offline_sle12_ga_allpatterns\@64bit",
  "/var/lib/openqa/testresults/00602401-sle-12-SP2-Server-DVD-x86_64-Build2160-migration_zdup_offline_sle12_ga_allpatterns\@64bit/ulogs",
]
[Wed Oct 19 02:10:12 2016] [4608:warn] 619442 got a status update but has no worker. huh?
[Wed Oct 19 03:09:37 2016] [8980:warn] 619391 got an artefact but has no worker. huh?
[Thu Dec  1 12:41:26 2016] [25660:warn] Asset repo/SLE-12-SP3-SDK-POOL-s390x-Build0052-Media1 is not in any job group, will delete in 11 days
[Thu Dec  5 12:41:26 2016] [1719:warn] AMQP connection error: Connect timeout
[Thu Dec  5 12:41:26 2016] [websockets:warn] dead job 813295 aborted and duplicated 813306
[Mon Mar 27 10:12:33 2017] [25898:warn] AMQP connection closed
[Tue Mar 28 07:09:40 2017] [31798:warn] no products found, retrying version wildcard
[Wed Mar 29 11:25:38 2017] [14008:warn] START_AFTER_TEST=RAID0:ppc64le not found - check for typos and dependency cycles
[Wed Mar 29 11:25:38 2017] [14008:warn] FOOBAR=RAID0:ppc64le not found - check for typos and dependency cycles
[Tue May 30 06:10:09 2017] [websockets:error] Worker not found for given connection during connection close
[Thu Jun  8 15:01:28 2017] [15550:warn] AMQP connection error: SSL connect attempt failed with unknown error
[Sun Jun 11 00:09:19 2017] [18666:warn] can't remove d81/349/2cab90e04faac6f7a112c5ed90.png
[Sun Jun 11 00:34:56 2017] [scheduler:warn] openqaworker5:20 wants to grab a new job - killing the old one: 993795
[Mon Jun 12 07:33:15 2017] [websockets:error] Unknown property received from worker 523
[Tue Jun 13 10:04:30 2017] [websockets:warn] dead job 997744 aborted as incomplete
[Fri Jul  7 04:50:50 2017] [10709:error] Failed to login: OpenID provider returned invalid data. Please retry again
[Wed Aug  9 09:31:41 2017] [websockets:warn] A message received from unknown worker connection
[Wed Aug  2 13:49:10 2017] [28861:warn] Stopping worker 4210 immediately
[Wed Aug 23 09:49:19 2017] [4087:error] org.freedesktop.DBus.Error.NoReply: Did not receive a reply. Possible causes include: the remote application did not send a reply, the message bus security policy blocked the reply, the reply timeout expired, or the network connection was broken.
[Sun Aug 27 18:09:23 2017] [25795:warn] AMQP connection error: No route to host
[Fri Oct 20 11:55:02 2017] [22402:error] Could not parse needle: installation-bootloader-options-20171019 for sle 15
[Fri Oct 20 11:49:21 2017] [7532:warn] /var/lib/openqa/share/tests/sle/products/sle/needles/installation-bootloader-options-20171019.json: No such file or directory
[Fri Dec 15 17:27:25 2017] [23481:error] DBIx::Class::Storage::DBI::_dbh_execute(): DBI Exception: DBD::Pg::st execute failed: ERROR:  invalid input syntax for integer: "127)," [for Statement "SELECT me.id, me.name, me.parent_id, me.size_limit_gb, me.exclusively_kept_asset_size, me.keep_logs_in_days, me.keep_important_logs_in_days, me.keep_results_in_days, me.keep_important_results_in_days, me.default_priority, me.sort_order, me.description, me.build_version_sort, me.t_created, me.t_updated FROM job_groups me WHERE ( id = ? )" with ParamValues: 1='127),'] at /usr/share/openqa/script/../lib/OpenQA/WebAPI/Controller/Test.pm line 501
15 15:49:04 2017] [websockets:error] Global symbol "$api_description" requires explicit package name at template not_found.html.ep line 32.
27:         <td>
28:             % my $name = $route->name;
29:             <%= $route->has_custom_name ? qq{"$name"} : $name %>
30:         </td>
31:         <td>
32:             % if (my $description = $api_description->{$route->name}) {
33:                 %= $description
34:             % }
35:         </td>
36:     </tr>
37:     % $depth++;
[Fri Dec 15 17:27:25 2017] [23481:error] DBIx::Class::Storage::DBI::_dbh_execute(): DBI Exception: DBD::Pg::st execute failed: ERROR:  invalid input syntax for integer: "127)," [for Statement "SELECT me.id, me.name, me.parent_id, me.size_limit_gb, me.exclusively_kept_asset_size, me.keep_logs_in_days, me.keep_important_logs_in_days, me.keep_results_in_days, me.keep_important_results_in_days, me.default_priority, me.sort_order, me.description, me.build_version_sort, me.t_created, me.t_updated FROM job_groups me WHERE ( id = ? )" with ParamValues: 1='127),'] at /usr/share/openqa/script/../lib/OpenQA/WebAPI/Controller/Test.pm line 501
